<?xml version="1.0" encoding="UTF-8"?>
<coverage generated="1608136520416" clover="3.2.0">
  <project timestamp="1608136520416" name="All files">
    <metrics statements="44" coveredstatements="30" conditionals="17" coveredconditionals="7" methods="19" coveredmethods="16" elements="80" coveredelements="53" complexity="0" loc="44" ncloc="44" packages="1" files="5" classes="5"/>
    <file name="cart.js" path="D:\Studying\3 семестр\Лаби\Основы клиентской разработки\Bookshop\JS\view\cart.js">
      <metrics statements="19" coveredstatements="9" conditionals="9" coveredconditionals="3" methods="7" coveredmethods="4"/>
      <line num="2" count="1" type="cond" truecount="1" falsecount="1"/>
      <line num="3" count="0" type="stmt"/>
      <line num="5" count="1" type="stmt"/>
      <line num="10" count="1" type="cond" truecount="1" falsecount="1"/>
      <line num="12" count="0" type="stmt"/>
      <line num="15" count="1" type="stmt"/>
      <line num="20" count="1" type="stmt"/>
      <line num="21" count="1" type="stmt"/>
      <line num="22" count="1" type="stmt"/>
      <line num="24" count="0" type="stmt"/>
      <line num="25" count="0" type="stmt"/>
      <line num="27" count="0" type="cond" truecount="0" falsecount="2"/>
      <line num="29" count="0" type="cond" truecount="0" falsecount="2"/>
      <line num="31" count="0" type="stmt"/>
      <line num="35" count="0" type="stmt"/>
      <line num="37" count="0" type="stmt"/>
      <line num="44" count="1" type="stmt"/>
      <line num="47" count="1" type="cond" truecount="1" falsecount="0"/>
      <line num="58" count="0" type="stmt"/>
    </file>
    <file name="confirmed.js" path="D:\Studying\3 семестр\Лаби\Основы клиентской разработки\Bookshop\JS\view\confirmed.js">
      <metrics statements="1" coveredstatements="1" conditionals="0" coveredconditionals="0" methods="1" coveredmethods="1"/>
      <line num="2" count="1" type="stmt"/>
    </file>
    <file name="salesPage.js" path="D:\Studying\3 семестр\Лаби\Основы клиентской разработки\Bookshop\JS\view\salesPage.js">
      <metrics statements="14" coveredstatements="12" conditionals="6" coveredconditionals="3" methods="7" coveredmethods="7"/>
      <line num="2" count="1" type="cond" truecount="1" falsecount="1"/>
      <line num="3" count="0" type="stmt"/>
      <line num="5" count="1" type="stmt"/>
      <line num="10" count="1" type="cond" truecount="1" falsecount="1"/>
      <line num="12" count="0" type="stmt"/>
      <line num="15" count="1" type="stmt"/>
      <line num="20" count="1" type="stmt"/>
      <line num="21" count="1" type="stmt"/>
      <line num="23" count="1" type="cond" truecount="1" falsecount="1"/>
      <line num="25" count="1" type="stmt"/>
      <line num="27" count="1" type="stmt"/>
      <line num="30" count="1" type="stmt"/>
      <line num="37" count="1" type="stmt"/>
      <line num="41" count="1" type="stmt"/>
    </file>
    <file name="sectionHash.js" path="D:\Studying\3 семестр\Лаби\Основы клиентской разработки\Bookshop\JS\view\sectionHash.js">
      <metrics statements="8" coveredstatements="6" conditionals="2" coveredconditionals="1" methods="3" coveredmethods="3"/>
      <line num="4" count="1" type="stmt"/>
      <line num="5" count="1" type="stmt"/>
      <line num="7" count="1" type="stmt"/>
      <line num="8" count="1" type="stmt"/>
      <line num="10" count="1" type="cond" truecount="1" falsecount="1"/>
      <line num="12" count="0" type="stmt"/>
      <line num="13" count="0" type="stmt"/>
      <line num="21" count="1" type="stmt"/>
    </file>
    <file name="templateProcessor.js" path="D:\Studying\3 семестр\Лаби\Основы клиентской разработки\Bookshop\JS\view\templateProcessor.js">
      <metrics statements="2" coveredstatements="2" conditionals="0" coveredconditionals="0" methods="1" coveredmethods="1"/>
      <line num="3" count="1" type="stmt"/>
      <line num="4" count="1" type="stmt"/>
    </file>
  </project>
</coverage>
