{"D:\\Studying\\3 семестр\\Лаби\\Основы клиентской разработки\\Bookshop\\JS\\view\\cart.js": {"path":"D:\\Studying\\3 семестр\\Лаби\\Основы клиентской разработки\\Bookshop\\JS\\view\\cart.js","statementMap":{"0":{"start":{"line":2,"column":4},"end":{"line":4,"column":5}},"1":{"start":{"line":3,"column":8},"end":{"line":3,"column":18}},"2":{"start":{"line":5,"column":4},"end":{"line":5,"column":39}},"3":{"start":{"line":10,"column":4},"end":{"line":15,"column":44}},"4":{"start":{"line":12,"column":8},"end":{"line":12,"column":43}},"5":{"start":{"line":15,"column":8},"end":{"line":15,"column":44}},"6":{"start":{"line":20,"column":17},"end":{"line":20,"column":19}},"7":{"start":{"line":21,"column":17},"end":{"line":21,"column":18}},"8":{"start":{"line":22,"column":4},"end":{"line":42,"column":5}},"9":{"start":{"line":22,"column":15},"end":{"line":22,"column":16}},"10":{"start":{"line":24,"column":8},"end":{"line":41,"column":11}},"11":{"start":{"line":25,"column":12},"end":{"line":39,"column":15}},"12":{"start":{"line":27,"column":16},"end":{"line":38,"column":17}},"13":{"start":{"line":29,"column":20},"end":{"line":36,"column":21}},"14":{"start":{"line":31,"column":24},"end":{"line":31,"column":62}},"15":{"start":{"line":35,"column":24},"end":{"line":35,"column":75}},"16":{"start":{"line":37,"column":20},"end":{"line":37,"column":40}},"17":{"start":{"line":44,"column":4},"end":{"line":44,"column":32}},"18":{"start":{"line":47,"column":13},"end":{"line":80,"column":1}},"19":{"start":{"line":47,"column":91},"end":{"line":80,"column":1}},"20":{"start":{"line":58,"column":32},"end":{"line":70,"column":1}}},"fnMap":{"0":{"name":"actualPrice","decl":{"start":{"line":1,"column":9},"end":{"line":1,"column":20}},"loc":{"start":{"line":1,"column":28},"end":{"line":7,"column":1}},"line":1},"1":{"name":"noDiscount","decl":{"start":{"line":8,"column":9},"end":{"line":8,"column":19}},"loc":{"start":{"line":9,"column":0},"end":{"line":16,"column":1}},"line":9},"2":{"name":"CartArray","decl":{"start":{"line":18,"column":9},"end":{"line":18,"column":18}},"loc":{"start":{"line":19,"column":0},"end":{"line":45,"column":1}},"line":19},"3":{"name":"(anonymous_3)","decl":{"start":{"line":24,"column":23},"end":{"line":24,"column":24}},"loc":{"start":{"line":24,"column":34},"end":{"line":41,"column":9}},"line":24},"4":{"name":"(anonymous_4)","decl":{"start":{"line":25,"column":46},"end":{"line":25,"column":47}},"loc":{"start":{"line":25,"column":54},"end":{"line":39,"column":13}},"line":25},"5":{"name":"(anonymous_5)","decl":{"start":{"line":47,"column":13},"end":{"line":47,"column":14}},"loc":{"start":{"line":47,"column":91},"end":{"line":80,"column":1}},"line":47},"6":{"name":"(anonymous_6)","decl":{"start":{"line":58,"column":17},"end":{"line":58,"column":18}},"loc":{"start":{"line":58,"column":32},"end":{"line":70,"column":1}},"line":58}},"branchMap":{"0":{"loc":{"start":{"line":2,"column":4},"end":{"line":4,"column":5}},"type":"if","locations":[{"start":{"line":2,"column":4},"end":{"line":4,"column":5}},{"start":{"line":2,"column":4},"end":{"line":4,"column":5}}],"line":2},"1":{"loc":{"start":{"line":10,"column":4},"end":{"line":15,"column":44}},"type":"if","locations":[{"start":{"line":10,"column":4},"end":{"line":15,"column":44}},{"start":{"line":10,"column":4},"end":{"line":15,"column":44}}],"line":10},"2":{"loc":{"start":{"line":27,"column":16},"end":{"line":38,"column":17}},"type":"if","locations":[{"start":{"line":27,"column":16},"end":{"line":38,"column":17}},{"start":{"line":27,"column":16},"end":{"line":38,"column":17}}],"line":27},"3":{"loc":{"start":{"line":29,"column":20},"end":{"line":36,"column":21}},"type":"if","locations":[{"start":{"line":29,"column":20},"end":{"line":36,"column":21}},{"start":{"line":29,"column":20},"end":{"line":36,"column":21}}],"line":29},"4":{"loc":{"start":{"line":47,"column":35},"end":{"line":47,"column":86}},"type":"default-arg","locations":[{"start":{"line":47,"column":56},"end":{"line":47,"column":86}}],"line":47}},"s":{"0":1,"1":0,"2":1,"3":1,"4":0,"5":1,"6":1,"7":1,"8":1,"9":1,"10":0,"11":0,"12":0,"13":0,"14":0,"15":0,"16":0,"17":1,"18":1,"19":1,"20":0},"f":{"0":1,"1":1,"2":1,"3":0,"4":0,"5":1,"6":0},"b":{"0":[0,1],"1":[0,1],"2":[0,0],"3":[0,0],"4":[1]},"_coverageSchema":"1a1c01bbd47fc00a2c39e90264f33305004495a9","hash":"fc8f0b71d97e5960e4416ad947b1d74849bd99b5"}
,"D:\\Studying\\3 семестр\\Лаби\\Основы клиентской разработки\\Bookshop\\JS\\view\\confirmed.js": {"path":"D:\\Studying\\3 семестр\\Лаби\\Основы клиентской разработки\\Bookshop\\JS\\view\\confirmed.js","statementMap":{"0":{"start":{"line":2,"column":13},"end":{"line":13,"column":1}},"1":{"start":{"line":2,"column":21},"end":{"line":13,"column":1}}},"fnMap":{"0":{"name":"(anonymous_0)","decl":{"start":{"line":2,"column":13},"end":{"line":2,"column":14}},"loc":{"start":{"line":2,"column":21},"end":{"line":13,"column":1}},"line":2}},"branchMap":{},"s":{"0":1,"1":1},"f":{"0":1},"b":{},"_coverageSchema":"1a1c01bbd47fc00a2c39e90264f33305004495a9","hash":"9d155f7f04418ef2e63d9aa0a81de865dd5ed56c"}
,"D:\\Studying\\3 семестр\\Лаби\\Основы клиентской разработки\\Bookshop\\JS\\view\\salesPage.js": {"path":"D:\\Studying\\3 семестр\\Лаби\\Основы клиентской разработки\\Bookshop\\JS\\view\\salesPage.js","statementMap":{"0":{"start":{"line":2,"column":4},"end":{"line":4,"column":5}},"1":{"start":{"line":3,"column":8},"end":{"line":3,"column":18}},"2":{"start":{"line":5,"column":4},"end":{"line":5,"column":39}},"3":{"start":{"line":10,"column":4},"end":{"line":15,"column":44}},"4":{"start":{"line":12,"column":8},"end":{"line":12,"column":43}},"5":{"start":{"line":15,"column":8},"end":{"line":15,"column":44}},"6":{"start":{"line":20,"column":20},"end":{"line":20,"column":22}},"7":{"start":{"line":21,"column":4},"end":{"line":26,"column":12}},"8":{"start":{"line":23,"column":8},"end":{"line":26,"column":9}},"9":{"start":{"line":25,"column":12},"end":{"line":25,"column":38}},"10":{"start":{"line":27,"column":4},"end":{"line":27,"column":23}},"11":{"start":{"line":30,"column":13},"end":{"line":56,"column":1}},"12":{"start":{"line":30,"column":23},"end":{"line":56,"column":1}},"13":{"start":{"line":37,"column":27},"end":{"line":54,"column":1}},"14":{"start":{"line":41,"column":43},"end":{"line":51,"column":1}}},"fnMap":{"0":{"name":"actualPrice","decl":{"start":{"line":1,"column":9},"end":{"line":1,"column":20}},"loc":{"start":{"line":1,"column":28},"end":{"line":7,"column":1}},"line":1},"1":{"name":"noDiscount","decl":{"start":{"line":8,"column":9},"end":{"line":8,"column":19}},"loc":{"start":{"line":9,"column":0},"end":{"line":16,"column":1}},"line":9},"2":{"name":"isSale","decl":{"start":{"line":18,"column":9},"end":{"line":18,"column":15}},"loc":{"start":{"line":19,"column":0},"end":{"line":28,"column":1}},"line":19},"3":{"name":"(anonymous_3)","decl":{"start":{"line":21,"column":44},"end":{"line":21,"column":45}},"loc":{"start":{"line":21,"column":55},"end":{"line":26,"column":10}},"line":21},"4":{"name":"(anonymous_4)","decl":{"start":{"line":30,"column":13},"end":{"line":30,"column":14}},"loc":{"start":{"line":30,"column":23},"end":{"line":56,"column":1}},"line":30},"5":{"name":"(anonymous_5)","decl":{"start":{"line":37,"column":11},"end":{"line":37,"column":12}},"loc":{"start":{"line":37,"column":27},"end":{"line":54,"column":1}},"line":37},"6":{"name":"(anonymous_6)","decl":{"start":{"line":41,"column":26},"end":{"line":41,"column":27}},"loc":{"start":{"line":41,"column":43},"end":{"line":51,"column":1}},"line":41}},"branchMap":{"0":{"loc":{"start":{"line":2,"column":4},"end":{"line":4,"column":5}},"type":"if","locations":[{"start":{"line":2,"column":4},"end":{"line":4,"column":5}},{"start":{"line":2,"column":4},"end":{"line":4,"column":5}}],"line":2},"1":{"loc":{"start":{"line":10,"column":4},"end":{"line":15,"column":44}},"type":"if","locations":[{"start":{"line":10,"column":4},"end":{"line":15,"column":44}},{"start":{"line":10,"column":4},"end":{"line":15,"column":44}}],"line":10},"2":{"loc":{"start":{"line":23,"column":8},"end":{"line":26,"column":9}},"type":"if","locations":[{"start":{"line":23,"column":8},"end":{"line":26,"column":9}},{"start":{"line":23,"column":8},"end":{"line":26,"column":9}}],"line":23}},"s":{"0":1,"1":0,"2":1,"3":1,"4":0,"5":1,"6":1,"7":1,"8":1,"9":1,"10":1,"11":1,"12":1,"13":1,"14":1},"f":{"0":1,"1":1,"2":1,"3":1,"4":1,"5":1,"6":1},"b":{"0":[0,1],"1":[0,1],"2":[1,0]},"_coverageSchema":"1a1c01bbd47fc00a2c39e90264f33305004495a9","hash":"dfaaa078b9b08d9426c5a72568811ac27a261e89"}
,"D:\\Studying\\3 семестр\\Лаби\\Основы клиентской разработки\\Bookshop\\JS\\view\\sectionHash.js": {"path":"D:\\Studying\\3 семестр\\Лаби\\Основы клиентской разработки\\Bookshop\\JS\\view\\sectionHash.js","statementMap":{"0":{"start":{"line":4,"column":17},"end":{"line":4,"column":19}},"1":{"start":{"line":5,"column":20},"end":{"line":5,"column":22}},"2":{"start":{"line":7,"column":8},"end":{"line":19,"column":11}},"3":{"start":{"line":8,"column":12},"end":{"line":17,"column":15}},"4":{"start":{"line":10,"column":16},"end":{"line":15,"column":17}},"5":{"start":{"line":12,"column":20},"end":{"line":12,"column":42}},"6":{"start":{"line":13,"column":20},"end":{"line":13,"column":56}},"7":{"start":{"line":21,"column":8},"end":{"line":22,"column":21}}},"fnMap":{"0":{"name":"(anonymous_0)","decl":{"start":{"line":2,"column":4},"end":{"line":2,"column":5}},"loc":{"start":{"line":3,"column":4},"end":{"line":23,"column":5}},"line":3},"1":{"name":"(anonymous_1)","decl":{"start":{"line":7,"column":17},"end":{"line":7,"column":18}},"loc":{"start":{"line":7,"column":33},"end":{"line":19,"column":9}},"line":7},"2":{"name":"(anonymous_2)","decl":{"start":{"line":8,"column":54},"end":{"line":8,"column":55}},"loc":{"start":{"line":8,"column":70},"end":{"line":17,"column":13}},"line":8}},"branchMap":{"0":{"loc":{"start":{"line":10,"column":16},"end":{"line":15,"column":17}},"type":"if","locations":[{"start":{"line":10,"column":16},"end":{"line":15,"column":17}},{"start":{"line":10,"column":16},"end":{"line":15,"column":17}}],"line":10}},"s":{"0":1,"1":1,"2":1,"3":1,"4":1,"5":0,"6":0,"7":1},"f":{"0":1,"1":1,"2":1},"b":{"0":[0,1]},"_coverageSchema":"1a1c01bbd47fc00a2c39e90264f33305004495a9","hash":"117cb74fd5579234b5de8213a17cfc22b41435f5"}
,"D:\\Studying\\3 семестр\\Лаби\\Основы клиентской разработки\\Bookshop\\JS\\view\\templateProcessor.js": {"path":"D:\\Studying\\3 семестр\\Лаби\\Основы клиентской разработки\\Bookshop\\JS\\view\\templateProcessor.js","statementMap":{"0":{"start":{"line":3,"column":24},"end":{"line":3,"column":60}},"1":{"start":{"line":4,"column":8},"end":{"line":4,"column":33}}},"fnMap":{"0":{"name":"(anonymous_0)","decl":{"start":{"line":2,"column":4},"end":{"line":2,"column":5}},"loc":{"start":{"line":2,"column":18},"end":{"line":6,"column":5}},"line":2}},"branchMap":{},"s":{"0":1,"1":1},"f":{"0":1},"b":{},"_coverageSchema":"1a1c01bbd47fc00a2c39e90264f33305004495a9","hash":"2bfddb6ee15eaf3a16966174b7364d2d95793dd4"}
}
