TN:
SF:JS\view\cart.js
FN:1,actualPrice
FN:8,noDiscount
FN:18,CartArray
FN:24,(anonymous_3)
FN:25,(anonymous_4)
FN:47,(anonymous_5)
FN:58,(anonymous_6)
FNF:7
FNH:4
FNDA:1,actualPrice
FNDA:1,noDiscount
FNDA:1,CartArray
FNDA:0,(anonymous_3)
FNDA:0,(anonymous_4)
FNDA:1,(anonymous_5)
FNDA:0,(anonymous_6)
DA:2,1
DA:3,0
DA:5,1
DA:10,1
DA:12,0
DA:15,1
DA:20,1
DA:21,1
DA:22,1
DA:24,0
DA:25,0
DA:27,0
DA:29,0
DA:31,0
DA:35,0
DA:37,0
DA:44,1
DA:47,1
DA:58,0
LF:19
LH:9
BRDA:2,0,0,0
BRDA:2,0,1,1
BRDA:10,1,0,0
BRDA:10,1,1,1
BRDA:27,2,0,0
BRDA:27,2,1,0
BRDA:29,3,0,0
BRDA:29,3,1,0
BRDA:47,4,0,1
BRF:9
BRH:3
end_of_record
TN:
SF:JS\view\confirmed.js
FN:2,(anonymous_0)
FNF:1
FNH:1
FNDA:1,(anonymous_0)
DA:2,1
LF:1
LH:1
BRF:0
BRH:0
end_of_record
TN:
SF:JS\view\salesPage.js
FN:1,actualPrice
FN:8,noDiscount
FN:18,isSale
FN:21,(anonymous_3)
FN:30,(anonymous_4)
FN:37,(anonymous_5)
FN:41,(anonymous_6)
FNF:7
FNH:7
FNDA:1,actualPrice
FNDA:1,noDiscount
FNDA:1,isSale
FNDA:1,(anonymous_3)
FNDA:1,(anonymous_4)
FNDA:1,(anonymous_5)
FNDA:1,(anonymous_6)
DA:2,1
DA:3,0
DA:5,1
DA:10,1
DA:12,0
DA:15,1
DA:20,1
DA:21,1
DA:23,1
DA:25,1
DA:27,1
DA:30,1
DA:37,1
DA:41,1
LF:14
LH:12
BRDA:2,0,0,0
BRDA:2,0,1,1
BRDA:10,1,0,0
BRDA:10,1,1,1
BRDA:23,2,0,1
BRDA:23,2,1,0
BRF:6
BRH:3
end_of_record
TN:
SF:JS\view\sectionHash.js
FN:2,(anonymous_0)
FN:7,(anonymous_1)
FN:8,(anonymous_2)
FNF:3
FNH:3
FNDA:1,(anonymous_0)
FNDA:1,(anonymous_1)
FNDA:1,(anonymous_2)
DA:4,1
DA:5,1
DA:7,1
DA:8,1
DA:10,1
DA:12,0
DA:13,0
DA:21,1
LF:8
LH:6
BRDA:10,0,0,0
BRDA:10,0,1,1
BRF:2
BRH:1
end_of_record
TN:
SF:JS\view\templateProcessor.js
FN:2,(anonymous_0)
FNF:1
FNH:1
FNDA:1,(anonymous_0)
DA:3,1
DA:4,1
LF:2
LH:2
BRF:0
BRH:0
end_of_record
